<?xml version="1.0" encoding="UTF-8"?>
<!-- Generated by org.testng.reporters.JUnitReportReporter -->
<testsuite skipped="0" hostname="GACDTL004PJ558W" name="com.wordpressTestcases.LoginTestCase" tests="2" failures="0" timestamp="2020-01-20T17:11:56 EST" time="8.886" errors="1">
  <testcase name="validateLoginUser" time="7.998" classname="com.wordpressTestcases.LoginTestCase"/>
  <testcase name="getScreenReport" time="0.888" classname="com.wordpressTestcases.LoginTestCase">
    <error type="java.lang.NoClassDefFoundError" message="org/bson/types/ObjectId">
      <![CDATA[java.lang.NoClassDefFoundError: org/bson/types/ObjectId
at java.lang.Class.getDeclaredMethods0(Native Method)
at java.lang.Class.privateGetDeclaredMethods(Unknown Source)
at java.lang.Class.privateGetPublicMethods(Unknown Source)
at java.lang.Class.getMethods(Unknown Source)
at freemarker.ext.beans.ClassIntrospector.discoverAccessibleMethods(ClassIntrospector.java:736)
at freemarker.ext.beans.ClassIntrospector.discoverAccessibleMethods(ClassIntrospector.java:729)
at freemarker.ext.beans.ClassIntrospector.createClassIntrospectionData(ClassIntrospector.java:281)
at freemarker.ext.beans.ClassIntrospector.get(ClassIntrospector.java:257)
at freemarker.ext.beans.BeanModel.<init>(BeanModel.java:110)
at freemarker.ext.beans.BeanModel.<init>(BeanModel.java:101)
at freemarker.ext.beans.StringModel.<init>(StringModel.java:52)
at freemarker.ext.beans.StringModel$1.create(StringModel.java:38)
at freemarker.ext.beans.BeansModelCache.create(BeansModelCache.java:72)
at freemarker.ext.util.ModelCache.getInstance(ModelCache.java:80)
at freemarker.ext.beans.BeansWrapper.wrap(BeansWrapper.java:912)
at freemarker.template.DefaultObjectWrapper.handleUnknownType(DefaultObjectWrapper.java:269)
at freemarker.template.DefaultObjectWrapper.wrap(DefaultObjectWrapper.java:248)
at freemarker.template.WrappingTemplateModel.wrap(WrappingTemplateModel.java:112)
at freemarker.template.DefaultListAdapter.get(DefaultListAdapter.java:76)
at freemarker.core.DynamicKeyName.dealWithNumericalKey(DynamicKeyName.java:105)
at freemarker.core.DynamicKeyName._eval(DynamicKeyName.java:71)
at freemarker.core.Expression.eval(Expression.java:83)
at freemarker.core.Assignment.accept(Assignment.java:134)
at freemarker.core.Environment.visit(Environment.java:330)
at freemarker.core.Environment.visit(Environment.java:336)
at freemarker.core.Environment.visit(Environment.java:336)
at freemarker.core.Environment.process(Environment.java:309)
at freemarker.template.Template.process(Template.java:384)
at com.aventstack.extentreports.reporter.BasicFileReporter.processTemplate(BasicFileReporter.java:295)
at com.aventstack.extentreports.reporter.ExtentHtmlReporter.flush(ExtentHtmlReporter.java:53)
at com.aventstack.extentreports.ExtentObservable.lambda$notifyReporters$21(ExtentObservable.java:544)
at java.util.ArrayList.forEach(Unknown Source)
at com.aventstack.extentreports.ExtentObservable.notifyReporters(ExtentObservable.java:544)
at com.aventstack.extentreports.ExtentObservable.flush(ExtentObservable.java:429)
at com.aventstack.extentreports.ExtentReports.flush(ExtentReports.java:275)
at com.wordpress.pages.BaseClass1.getScreenReport(BaseClass1.java:69)
at sun.reflect.NativeMethodAccessorImpl.invoke0(Native Method)
at sun.reflect.NativeMethodAccessorImpl.invoke(Unknown Source)
at sun.reflect.DelegatingMethodAccessorImpl.invoke(Unknown Source)
at java.lang.reflect.Method.invoke(Unknown Source)
at org.testng.internal.MethodInvocationHelper.invokeMethod(MethodInvocationHelper.java:133)
at org.testng.internal.MethodInvocationHelper.invokeMethodConsideringTimeout(MethodInvocationHelper.java:62)
at org.testng.internal.ConfigInvoker.invokeConfigurationMethod(ConfigInvoker.java:340)
at org.testng.internal.ConfigInvoker.invokeConfigurations(ConfigInvoker.java:294)
at org.testng.internal.TestInvoker.runConfigMethods(TestInvoker.java:683)
at org.testng.internal.TestInvoker.runAfterGroupsConfigurations(TestInvoker.java:658)
at org.testng.internal.TestInvoker.invokeMethod(TestInvoker.java:642)
at org.testng.internal.TestInvoker.invokeTestMethod(TestInvoker.java:172)
at org.testng.internal.MethodRunner.runInSequence(MethodRunner.java:46)
at org.testng.internal.TestInvoker$MethodInvocationAgent.invoke(TestInvoker.java:804)
at org.testng.internal.TestInvoker.invokeTestMethods(TestInvoker.java:145)
at org.testng.internal.TestMethodWorker.invokeTestMethods(TestMethodWorker.java:146)
at org.testng.internal.TestMethodWorker.run(TestMethodWorker.java:128)
at java.util.ArrayList.forEach(Unknown Source)
at org.testng.TestRunner.privateRun(TestRunner.java:770)
at org.testng.TestRunner.run(TestRunner.java:591)
at org.testng.SuiteRunner.runTest(SuiteRunner.java:402)
at org.testng.SuiteRunner.runSequentially(SuiteRunner.java:396)
at org.testng.SuiteRunner.privateRun(SuiteRunner.java:355)
at org.testng.SuiteRunner.run(SuiteRunner.java:304)
at org.testng.SuiteRunnerWorker.runSuite(SuiteRunnerWorker.java:53)
at org.testng.SuiteRunnerWorker.run(SuiteRunnerWorker.java:96)
at org.testng.TestNG.runSuitesSequentially(TestNG.java:1180)
at org.testng.TestNG.runSuitesLocally(TestNG.java:1102)
at org.testng.TestNG.runSuites(TestNG.java:1032)
at org.testng.TestNG.run(TestNG.java:1000)
at org.testng.remote.AbstractRemoteTestNG.run(AbstractRemoteTestNG.java:115)
at org.testng.remote.RemoteTestNG.initAndRun(RemoteTestNG.java:251)
at org.testng.remote.RemoteTestNG.main(RemoteTestNG.java:77)
Caused by: java.lang.ClassNotFoundException: org.bson.types.ObjectId
at java.net.URLClassLoader.findClass(Unknown Source)
at java.lang.ClassLoader.loadClass(Unknown Source)
at sun.misc.Launcher$AppClassLoader.loadClass(Unknown Source)
at java.lang.ClassLoader.loadClass(Unknown Source)
... 69 more
]]>
    </error>
  </testcase> <!-- getScreenReport -->
</testsuite> <!-- com.wordpressTestcases.LoginTestCase -->
