<html>
<head>
<title>TestNG:  Test</title>
<link href="../testng.css" rel="stylesheet" type="text/css" />
<link href="../my-testng.css" rel="stylesheet" type="text/css" />

<style type="text/css">
.log { display: none;} 
.stack-trace { display: none;} 
</style>
<script type="text/javascript">
<!--
function flip(e) {
  current = e.style.display;
  if (current == 'block') {
    e.style.display = 'none';
    return 0;
  }
  else {
    e.style.display = 'block';
    return 1;
  }
}

function toggleBox(szDivId, elem, msg1, msg2)
{
  var res = -1;  if (document.getElementById) {
    res = flip(document.getElementById(szDivId));
  }
  else if (document.all) {
    // this is the way old msie versions work
    res = flip(document.all[szDivId]);
  }
  if(elem) {
    if(res == 0) elem.innerHTML = msg1; else elem.innerHTML = msg2;
  }

}

function toggleAllBoxes() {
  if (document.getElementsByTagName) {
    d = document.getElementsByTagName('div');
    for (i = 0; i < d.length; i++) {
      if (d[i].className == 'log') {
        flip(d[i]);
      }
    }
  }
}

// -->
</script>

</head>
<body>
<h2 align='center'>Test</h2><table border='1' align="center">
<tr>
<td>Tests passed/Failed/Skipped:</td><td>1/0/0</td>
</tr><tr>
<td>Started on:</td><td>Mon Jan 20 17:11:37 EST 2020</td>
</tr>
<tr><td>Total time:</td><td>18 seconds (18539 ms)</td>
</tr><tr>
<td>Included groups:</td><td></td>
</tr><tr>
<td>Excluded groups:</td><td></td>
</tr>
</table><p/>
<small><i>(Hover the method name to see the test class name)</i></small><p/>
<table width='100%' border='1' class='invocation-failed'>
<tr><td colspan='4' align='center'><b>FAILED CONFIGURATIONS</b></td></tr>
<tr><td><b>Test method</b></td>
<td width="30%"><b>Exception</b></td>
<td width="10%"><b>Time (seconds)</b></td>
<td><b>Instance</b></td>
</tr>
<tr>
<td title='com.wordpressTestcases.LoginTestCase.getScreenReport()'><b>getScreenReport</b><br>Test class: com.wordpressTestcases.LoginTestCase<br>Parameters: [TestResult name=validateLoginUser status=SUCCESS method=LoginTestCase.validateLoginUser()[pri:0, instance:com.wordpressTestcases.LoginTestCase@43814d18] output={null}]</td>
<td><div><pre>java.lang.NoClassDefFoundError: org/bson/types/ObjectId
	at java.lang.Class.getDeclaredMethods0(Native Method)
	at java.lang.Class.privateGetDeclaredMethods(Unknown Source)
	at java.lang.Class.privateGetPublicMethods(Unknown Source)
	at java.lang.Class.getMethods(Unknown Source)
	at freemarker.ext.beans.ClassIntrospector.discoverAccessibleMethods(ClassIntrospector.java:736)
	at freemarker.ext.beans.ClassIntrospector.discoverAccessibleMethods(ClassIntrospector.java:729)
	at freemarker.ext.beans.ClassIntrospector.createClassIntrospectionData(ClassIntrospector.java:281)
	at freemarker.ext.beans.ClassIntrospector.get(ClassIntrospector.java:257)
	at freemarker.ext.beans.BeanModel.&lt;init&gt;(BeanModel.java:110)
	at freemarker.ext.beans.BeanModel.&lt;init&gt;(BeanModel.java:101)
	at freemarker.ext.beans.StringModel.&lt;init&gt;(StringModel.java:52)
	at freemarker.ext.beans.StringModel$1.create(StringModel.java:38)
	at freemarker.ext.beans.BeansModelCache.create(BeansModelCache.java:72)
	at freemarker.ext.util.ModelCache.getInstance(ModelCache.java:80)
	at freemarker.ext.beans.BeansWrapper.wrap(BeansWrapper.java:912)
	at freemarker.template.DefaultObjectWrapper.handleUnknownType(DefaultObjectWrapper.java:269)
	at freemarker.template.DefaultObjectWrapper.wrap(DefaultObjectWrapper.java:248)
	at freemarker.template.WrappingTemplateModel.wrap(WrappingTemplateModel.java:112)
	at freemarker.template.DefaultListAdapter.get(DefaultListAdapter.java:76)
	at freemarker.core.DynamicKeyName.dealWithNumericalKey(DynamicKeyName.java:105)
	at freemarker.core.DynamicKeyName._eval(DynamicKeyName.java:71)
	at freemarker.core.Expression.eval(Expression.java:83)
	at freemarker.core.Assignment.accept(Assignment.java:134)
	at freemarker.core.Environment.visit(Environment.java:330)
	at freemarker.core.Environment.visit(Environment.java:336)
	at freemarker.core.Environment.visit(Environment.java:336)
	at freemarker.core.Environment.process(Environment.java:309)
	at freemarker.template.Template.process(Template.java:384)
	at com.aventstack.extentreports.reporter.BasicFileReporter.processTemplate(BasicFileReporter.java:295)
	at com.aventstack.extentreports.reporter.ExtentHtmlReporter.flush(ExtentHtmlReporter.java:53)
	at com.aventstack.extentreports.ExtentObservable.lambda$notifyReporters$21(ExtentObservable.java:544)
	at java.util.ArrayList.forEach(Unknown Source)
	at com.aventstack.extentreports.ExtentObservable.notifyReporters(ExtentObservable.java:544)
	at com.aventstack.extentreports.ExtentObservable.flush(ExtentObservable.java:429)
	at com.aventstack.extentreports.ExtentReports.flush(ExtentReports.java:275)
	at com.wordpress.pages.BaseClass1.getScreenReport(BaseClass1.java:69)
	at java.util.ArrayList.forEach(Unknown Source)
Caused by: java.lang.ClassNotFoundException: org.bson.types.ObjectId
	at java.net.URLClassLoader.findClass(Unknown Source)
	at java.lang.ClassLoader.loadClass(Unknown Source)
	at sun.misc.Launcher$AppClassLoader.loadClass(Unknown Source)
	at java.lang.ClassLoader.loadClass(Unknown Source)
	... 69 more
... Removed 32 stack frames</pre></div><a href='#' onClick='toggleBox("stack-trace2030138610", this, "Click to show all stack frames", "Click to hide stack frames")'>Click to show all stack frames</a>
<div class='stack-trace' id='stack-trace2030138610'><pre>java.lang.NoClassDefFoundError: org/bson/types/ObjectId
	at java.lang.Class.getDeclaredMethods0(Native Method)
	at java.lang.Class.privateGetDeclaredMethods(Unknown Source)
	at java.lang.Class.privateGetPublicMethods(Unknown Source)
	at java.lang.Class.getMethods(Unknown Source)
	at freemarker.ext.beans.ClassIntrospector.discoverAccessibleMethods(ClassIntrospector.java:736)
	at freemarker.ext.beans.ClassIntrospector.discoverAccessibleMethods(ClassIntrospector.java:729)
	at freemarker.ext.beans.ClassIntrospector.createClassIntrospectionData(ClassIntrospector.java:281)
	at freemarker.ext.beans.ClassIntrospector.get(ClassIntrospector.java:257)
	at freemarker.ext.beans.BeanModel.&lt;init&gt;(BeanModel.java:110)
	at freemarker.ext.beans.BeanModel.&lt;init&gt;(BeanModel.java:101)
	at freemarker.ext.beans.StringModel.&lt;init&gt;(StringModel.java:52)
	at freemarker.ext.beans.StringModel$1.create(StringModel.java:38)
	at freemarker.ext.beans.BeansModelCache.create(BeansModelCache.java:72)
	at freemarker.ext.util.ModelCache.getInstance(ModelCache.java:80)
	at freemarker.ext.beans.BeansWrapper.wrap(BeansWrapper.java:912)
	at freemarker.template.DefaultObjectWrapper.handleUnknownType(DefaultObjectWrapper.java:269)
	at freemarker.template.DefaultObjectWrapper.wrap(DefaultObjectWrapper.java:248)
	at freemarker.template.WrappingTemplateModel.wrap(WrappingTemplateModel.java:112)
	at freemarker.template.DefaultListAdapter.get(DefaultListAdapter.java:76)
	at freemarker.core.DynamicKeyName.dealWithNumericalKey(DynamicKeyName.java:105)
	at freemarker.core.DynamicKeyName._eval(DynamicKeyName.java:71)
	at freemarker.core.Expression.eval(Expression.java:83)
	at freemarker.core.Assignment.accept(Assignment.java:134)
	at freemarker.core.Environment.visit(Environment.java:330)
	at freemarker.core.Environment.visit(Environment.java:336)
	at freemarker.core.Environment.visit(Environment.java:336)
	at freemarker.core.Environment.process(Environment.java:309)
	at freemarker.template.Template.process(Template.java:384)
	at com.aventstack.extentreports.reporter.BasicFileReporter.processTemplate(BasicFileReporter.java:295)
	at com.aventstack.extentreports.reporter.ExtentHtmlReporter.flush(ExtentHtmlReporter.java:53)
	at com.aventstack.extentreports.ExtentObservable.lambda$notifyReporters$21(ExtentObservable.java:544)
	at java.util.ArrayList.forEach(Unknown Source)
	at com.aventstack.extentreports.ExtentObservable.notifyReporters(ExtentObservable.java:544)
	at com.aventstack.extentreports.ExtentObservable.flush(ExtentObservable.java:429)
	at com.aventstack.extentreports.ExtentReports.flush(ExtentReports.java:275)
	at com.wordpress.pages.BaseClass1.getScreenReport(BaseClass1.java:69)
	at sun.reflect.NativeMethodAccessorImpl.invoke0(Native Method)
	at sun.reflect.NativeMethodAccessorImpl.invoke(Unknown Source)
	at sun.reflect.DelegatingMethodAccessorImpl.invoke(Unknown Source)
	at java.lang.reflect.Method.invoke(Unknown Source)
	at org.testng.internal.MethodInvocationHelper.invokeMethod(MethodInvocationHelper.java:133)
	at org.testng.internal.MethodInvocationHelper.invokeMethodConsideringTimeout(MethodInvocationHelper.java:62)
	at org.testng.internal.ConfigInvoker.invokeConfigurationMethod(ConfigInvoker.java:340)
	at org.testng.internal.ConfigInvoker.invokeConfigurations(ConfigInvoker.java:294)
	at org.testng.internal.TestInvoker.runConfigMethods(TestInvoker.java:683)
	at org.testng.internal.TestInvoker.runAfterGroupsConfigurations(TestInvoker.java:658)
	at org.testng.internal.TestInvoker.invokeMethod(TestInvoker.java:642)
	at org.testng.internal.TestInvoker.invokeTestMethod(TestInvoker.java:172)
	at org.testng.internal.MethodRunner.runInSequence(MethodRunner.java:46)
	at org.testng.internal.TestInvoker$MethodInvocationAgent.invoke(TestInvoker.java:804)
	at org.testng.internal.TestInvoker.invokeTestMethods(TestInvoker.java:145)
	at org.testng.internal.TestMethodWorker.invokeTestMethods(TestMethodWorker.java:146)
	at org.testng.internal.TestMethodWorker.run(TestMethodWorker.java:128)
	at java.util.ArrayList.forEach(Unknown Source)
	at org.testng.TestRunner.privateRun(TestRunner.java:770)
	at org.testng.TestRunner.run(TestRunner.java:591)
	at org.testng.SuiteRunner.runTest(SuiteRunner.java:402)
	at org.testng.SuiteRunner.runSequentially(SuiteRunner.java:396)
	at org.testng.SuiteRunner.privateRun(SuiteRunner.java:355)
	at org.testng.SuiteRunner.run(SuiteRunner.java:304)
	at org.testng.SuiteRunnerWorker.runSuite(SuiteRunnerWorker.java:53)
	at org.testng.SuiteRunnerWorker.run(SuiteRunnerWorker.java:96)
	at org.testng.TestNG.runSuitesSequentially(TestNG.java:1180)
	at org.testng.TestNG.runSuitesLocally(TestNG.java:1102)
	at org.testng.TestNG.runSuites(TestNG.java:1032)
	at org.testng.TestNG.run(TestNG.java:1000)
	at org.testng.remote.AbstractRemoteTestNG.run(AbstractRemoteTestNG.java:115)
	at org.testng.remote.RemoteTestNG.initAndRun(RemoteTestNG.java:251)
	at org.testng.remote.RemoteTestNG.main(RemoteTestNG.java:77)
Caused by: java.lang.ClassNotFoundException: org.bson.types.ObjectId
	at java.net.URLClassLoader.findClass(Unknown Source)
	at java.lang.ClassLoader.loadClass(Unknown Source)
	at sun.misc.Launcher$AppClassLoader.loadClass(Unknown Source)
	at java.lang.ClassLoader.loadClass(Unknown Source)
	... 69 more
</pre></div></td>
<td>0</td>
<td>com.wordpressTestcases.LoginTestCase@43814d18</td></tr>
</table><p>
<table width='100%' border='1' class='invocation-skipped'>
<tr><td colspan='4' align='center'><b>SKIPPED CONFIGURATIONS</b></td></tr>
<tr><td><b>Test method</b></td>
<td width="30%"><b>Exception</b></td>
<td width="10%"><b>Time (seconds)</b></td>
<td><b>Instance</b></td>
</tr>
<tr>
<td title='com.wordpressTestcases.LoginTestCase.teardown()'><b>teardown</b><br>Test class: com.wordpressTestcases.LoginTestCase</td>
<td></td>
<td>-1579558315</td>
<td>com.wordpressTestcases.LoginTestCase@43814d18</td></tr>
</table><p>
<table width='100%' border='1' class='invocation-passed'>
<tr><td colspan='4' align='center'><b>PASSED TESTS</b></td></tr>
<tr><td><b>Test method</b></td>
<td width="30%"><b>Exception</b></td>
<td width="10%"><b>Time (seconds)</b></td>
<td><b>Instance</b></td>
</tr>
<tr>
<td title='com.wordpressTestcases.LoginTestCase.validateLoginUser()'><b>validateLoginUser</b><br>Test class: com.wordpressTestcases.LoginTestCase</td>
<td></td>
<td>7</td>
<td>com.wordpressTestcases.LoginTestCase@43814d18</td></tr>
</table><p>
</body>
</html>