<?xml version="1.0" encoding="UTF-8"?>
<!-- Generated by org.testng.reporters.JUnitXMLReporter -->
<testsuite hostname="GACDTL004PJ558W" ignored="0" name="Test" tests="1" failures="0" timestamp="2020-01-20T17:11:55 EST" time="18.539" errors="0">
  <testcase name="@AfterMethod getScreenReport" time="0.888" classname="com.wordpress.pages.BaseClass1">
    <failure type="java.lang.NoClassDefFoundError" message="org/bson/types/ObjectId">
      <![CDATA[java.lang.NoClassDefFoundError: org/bson/types/ObjectId
at java.lang.Class.getDeclaredMethods0(Native Method)
at java.lang.Class.privateGetDeclaredMethods(Unknown Source)
at java.lang.Class.privateGetPublicMethods(Unknown Source)
at java.lang.Class.getMethods(Unknown Source)
at freemarker.ext.beans.ClassIntrospector.discoverAccessibleMethods(ClassIntrospector.java:736)
at freemarker.ext.beans.ClassIntrospector.discoverAccessibleMethods(ClassIntrospector.java:729)
at freemarker.ext.beans.ClassIntrospector.createClassIntrospectionData(ClassIntrospector.java:281)
at freemarker.ext.beans.ClassIntrospector.get(ClassIntrospector.java:257)
at freemarker.ext.beans.BeanModel.<init>(BeanModel.java:110)
at freemarker.ext.beans.BeanModel.<init>(BeanModel.java:101)
at freemarker.ext.beans.StringModel.<init>(StringModel.java:52)
at freemarker.ext.beans.StringModel$1.create(StringModel.java:38)
at freemarker.ext.beans.BeansModelCache.create(BeansModelCache.java:72)
at freemarker.ext.util.ModelCache.getInstance(ModelCache.java:80)
at freemarker.ext.beans.BeansWrapper.wrap(BeansWrapper.java:912)
at freemarker.template.DefaultObjectWrapper.handleUnknownType(DefaultObjectWrapper.java:269)
at freemarker.template.DefaultObjectWrapper.wrap(DefaultObjectWrapper.java:248)
at freemarker.template.WrappingTemplateModel.wrap(WrappingTemplateModel.java:112)
at freemarker.template.DefaultListAdapter.get(DefaultListAdapter.java:76)
at freemarker.core.DynamicKeyName.dealWithNumericalKey(DynamicKeyName.java:105)
at freemarker.core.DynamicKeyName._eval(DynamicKeyName.java:71)
at freemarker.core.Expression.eval(Expression.java:83)
at freemarker.core.Assignment.accept(Assignment.java:134)
at freemarker.core.Environment.visit(Environment.java:330)
at freemarker.core.Environment.visit(Environment.java:336)
at freemarker.core.Environment.visit(Environment.java:336)
at freemarker.core.Environment.process(Environment.java:309)
at freemarker.template.Template.process(Template.java:384)
at com.aventstack.extentreports.reporter.BasicFileReporter.processTemplate(BasicFileReporter.java:295)
at com.aventstack.extentreports.reporter.ExtentHtmlReporter.flush(ExtentHtmlReporter.java:53)
at com.aventstack.extentreports.ExtentObservable.lambda$notifyReporters$21(ExtentObservable.java:544)
at java.util.ArrayList.forEach(Unknown Source)
at com.aventstack.extentreports.ExtentObservable.notifyReporters(ExtentObservable.java:544)
at com.aventstack.extentreports.ExtentObservable.flush(ExtentObservable.java:429)
at com.aventstack.extentreports.ExtentReports.flush(ExtentReports.java:275)
at com.wordpress.pages.BaseClass1.getScreenReport(BaseClass1.java:69)
at java.util.ArrayList.forEach(Unknown Source)
Caused by: java.lang.ClassNotFoundException: org.bson.types.ObjectId
at java.net.URLClassLoader.findClass(Unknown Source)
at java.lang.ClassLoader.loadClass(Unknown Source)
at sun.misc.Launcher$AppClassLoader.loadClass(Unknown Source)
at java.lang.ClassLoader.loadClass(Unknown Source)
... 69 more
... Removed 32 stack frames]]>
    </failure>
  </testcase> <!-- @AfterMethod getScreenReport -->
  <testcase name="@AfterClass teardown" time="-1.579558315694E9" classname="com.wordpress.pages.BaseClass1">
    <skipped/>
  </testcase> <!-- @AfterClass teardown -->
  <testcase name="validateLoginUser" time="7.998" classname="com.wordpressTestcases.LoginTestCase"/>
</testsuite> <!-- Test -->
